<?xml version='1.0' encoding='UTF-8'?>
<testsuite hostname="MacBook-Pro.local" name="testspec.ObsDataProcessorTest" tests="2" errors="0" failures="0" skipped="0" time="2.504" timestamp="2021-11-07T14:00:45">
          <properties>
[...]
</properties>
          <testcase classname="testspec.ObsDataProcessorTest" name="Obs Data Processor should process the data" time="2.475">
                      
                    </testcase><testcase classname="testspec.ObsDataProcessorTest" name="Obs Data Processor should transform obs data" time="0.029">
                      
                    </testcase>
          <system-out><![CDATA[]]></system-out>
          <system-err><![CDATA[]]></system-err>
        </testsuite>